1679848542.3087537   5.001270506045876   5.004143382997976
1679848542.8094673   7.513541221741574   7.7257996268686435
1679848543.3100805   10.961515466414701   10.30494908693697
1679848543.810659   12.811903483517963   13.238236258438459
1679848544.3112907   14.558177042751284   13.502370985096686
1679848544.8123577   14.046291560563803   14.179218446793708
1679848545.3134422   14.566387050610336   14.503507280727298
1679848545.8145266   12.49709704373894   13.970520876855167
1679848546.3154643   10.750947290609222   8.946996003863656
1679848546.8163772   8.095416747914657   8.064816873442078
1679848547.317075   4.823998538118571   4.721740106214408
1679848547.8179636   2.3411843013991405   1.0787644707534232
1679848548.318768   -0.43996982423513925   -0.33689537748365395
1679848548.8199472   -3.24052290783688   -3.163135248205854
1679848549.3226297   -3.4136881650738884   -3.7741628379381567
1679848549.8238568   -5.3118693931872   -5.05694948898782
1679848550.3250148   -3.401422662965171   -3.840153643501006
1679848550.8261516   -4.189764714275949   -3.196350787724245
1679848551.327419   -1.4384174396577711   -0.5679617339998406
1679848551.8285773   2.945604938216543   2.064198209388029
1679848552.3294265   5.210919442796438   5.469028612683297
1679848552.830944   7.933691694168555   7.88380419440557
1679848553.3324382   10.713996629321006   11.29691206693753
1679848553.8336182   13.433917131937804   12.99204469437097
1679848554.3346775   13.161851188704235   14.65418915552409
1679848554.835905   14.17877998692386   13.969738187151986
1679848555.3370674   13.822464547992405   13.355332112216004
1679848555.8382604   13.299696056987065   12.93277723930726
1679848556.3393567   11.497671524583994   9.784379425756864
1679848556.8406482   7.578737623519684   7.6346260371947
1679848557.3419158   5.160536340656403   5.925808702592426
1679848557.8431728   0.15896253003340566   -0.05166815174241024
1679848558.3440228   -0.9546399003966702   -1.1814165414555098
1679848558.8451118   -3.634171306897536   -3.728415565629919
1679848559.3465009   -4.5135334429113625   -5.404184765078565
1679848559.847762   -3.694343394095546   -5.285187472440116
1679848560.3490138   -3.6726426479553496   -2.8709897110734355
1679848560.8501108   -2.9171283417766403   -1.9150245081258497
1679848561.3513691   -0.5544901893765075   -0.8667374529044791
1679848561.8524578   2.5011785275427636   1.6449530507000665
1679848562.3538013   4.172360393201062   5.9392965096778765
1679848562.8551433   8.024691244669343   9.150176737919058
1679848563.3564596   12.129911590049273   11.102699458920789
1679848563.8572748   13.204814939404669   12.845914824318497
1679848564.3584187   13.430909022420348   15.348381522237714
1679848564.8594825   16.1825113299579   14.898982845680361
1679848565.3606107   15.213321801257985   16.067615655002236
1679848565.8616824   12.629442497273681   12.671389408507752
1679848566.3629196   9.419418638808262   8.7961008135953
1679848566.8641593   8.487517516288456   6.382696667271149
1679848567.3654037   5.318657910694064   4.908456024527464
1679848567.866656   2.4142220074108804   1.7308259627498639
1679848568.3678067   -1.2005647978418486   -0.8341691732399095
1679848568.868784   -2.81724024206262   -3.694043512589176
1679848569.3696525   -4.184772333343419   -4.386709526644113
1679848569.8705068   -4.384861574433141   -5.462824462750809
1679848570.3712816   -4.9051419567358945   -4.6499002364345765
1679848570.8722925   -3.441790612098608   -3.8003483859387925
1679848571.3733687   -1.2021568383579493   0.648935324485828
1679848571.8746243   1.602823263102383   3.8555498461347923
1679848572.3756387   6.960507275278069   5.559720208573918
1679848572.8769457   7.508029209272877   8.354844976124301
1679848573.378237   11.016053723566193   9.859426007989907
1679848573.87952   12.855479476874622   13.290104686868998
1679848574.3806736   14.639051109486022   14.37989303378315
1679848574.881724   15.06905061564086   14.839499670342844
1679848575.3828506   13.893013399400106   14.077530178714785
1679848575.884292   13.081533879956062   11.554015315651586
1679848576.3855512   10.244024124540516   10.50506285780514
1679848576.8870468   8.011714699694373   7.816064669464651
1679848577.3910687   4.685597122712452   3.1515375264706575
1679848577.892286   1.4117044701595727   0.052449505924835105
1679848578.393969   -1.0611758722244977   -0.2467401192225318
1679848578.8951273   -3.2398063854987544   -3.3904101215607136
1679848579.396338   -3.8650572431584798   -4.626383433655858
1679848579.8976095   -4.806831538826182   -6.229840946369864
1679848580.3987303   -4.308828252882802   -3.8903937179654764
1679848580.8997698   -1.9448465524002565   -2.9423494155099643
1679848581.400913   -0.6444893238758646   -0.8261231601432066
1679848581.9022405   2.8646513449975246   2.373720488175516
1679848582.4035895   4.69902800593473   5.499137191585994
1679848582.9048567   8.536909083673505   8.165259661062171
1679848583.406111   9.997732059441741   11.262526629037419
1679848583.9072056   13.825529711325547   12.642669445397784
1679848584.4081151   14.289193414234717   14.071853369180246
1679848584.9093776   15.25685818141587   14.944852800687109
1679848585.4106576   14.32558608396089   13.463998970569023
1679848585.9119024   12.562551308844897   12.336894874032678
1679848586.4131618   10.764680379165918   9.440403372230286
1679848586.9140687   8.160260794779404   8.697501765919611
1679848587.4153678   5.592815375032229   4.33327138502781
1679848587.9166436   2.1301499727507176   2.17800510012076
1679848588.4196026   -1.5482192425177173   -2.3836042929198955
1679848588.9211013   -3.0443036143163136   -2.399327678530569
1679848589.4223647   -2.9389824895878167   -4.669176862774415
1679848589.9236867   -4.202099990114105   -3.8363257368096506
1679848590.4257329   -4.240800742884815   -4.317660633367408
1679848590.9271724   -2.2180661900995835   -3.8120505596004532
1679848591.4282973   -0.607796804468173   -1.4467535242680498
1679848591.929487   3.0490031633949184   2.6603916281801965
1679848592.4304802   6.196500206079033   6.030322039406353
1679848592.9313645   8.822511526872086   9.92782919113137
1679848593.4322963   13.067456388383489   11.472763445616248
1679848593.933137   14.50277543530534   13.229080914095844
1679848594.434299   14.877198220308577   12.874329357134553
1679848594.9355772   14.887502495072644   15.124393048002469
1679848595.4371123   15.321129483035003   13.953455746025337
1679848595.9383216   12.465023822809872   12.527593419833792
1679848596.4392703   10.112139956246839   10.736953584219847
1679848596.9403727   9.012338632275513   7.770410156494949
1679848597.441417   3.5720311912480565   3.9899916866438154
1679848597.9426668   1.815222691420515   0.6326083490203478
1679848598.4441264   -0.2595113549006629   -1.7742951069717225
1679848598.9452379   -2.198614610151006   -3.1987117775283567
1679848599.4464095   -5.71180168988488   -4.418956804705344
1679848599.9473257   -5.498266979324355   -5.56030866988444
1679848600.4507678   -4.170304441431794   -4.48458480217922
1679848600.9518776   -1.2423361862052358   -1.86816607040692
1679848601.452978   1.6590791580502766   -1.5317665387745014
1679848601.954066   2.403685581393439   3.19553317597061
1679848602.4551454   7.448985721395439   6.07992090477614
1679848602.9563785   7.702648624063801   8.912190746791067
1679848603.4574096   11.296623078127023   11.366020549897767
1679848603.9585085   13.845190554550085   13.304395227228595
1679848604.4597445   15.244401695043308   15.57753277870972
1679848604.9607143   15.260492346986311   14.258816043905073
1679848605.461769   13.165923299215516   12.28773019623314
1679848605.9628794   13.061029408252512   12.285908545874014
1679848606.4640968   11.918996779518569   11.550784454669596
1679848606.96513   7.268705808822282   7.226316504720562
1679848607.4665415   3.941714661172878   5.36221289165164
1679848607.967705   0.04462354428858961   0.5722321410890973
1679848608.4688158   -1.5401037909473034   -0.9637537669771301
1679848608.9700272   -3.308184331835699   -4.418475580929699
1679848609.4716456   -3.1574104192863093   -6.700226409713449
1679848609.9729319   -5.518937544219339   -4.426935737598269
1679848610.474112   -3.895106778723494   -5.13446781792635
1679848610.9752507   -3.189556110940892   -3.930565938201674
1679848611.476449   0.4280282738983987   0.8022825686928536
1679848611.9775686   2.3962343944061377   3.990164194541693
1679848612.4787586   6.6542341115596635   7.456563769003965
1679848612.980014   9.376716825224682   8.621169182179761
1679848613.4872713   10.587282413438043   11.206805594913089
1679848613.9883418   13.742539912997008   14.277409236748063
1679848614.4896421   15.161898934757856   14.21045347755653
1679848614.990908   14.950849617519037   14.811182791915519
1679848615.4920506   13.840743405469809   14.112629585195041
1679848615.9932296   12.334413486385317   12.512052001778507
1679848616.4960692   10.008404481017573   9.827468717211909
1679848616.9972775   7.911911310062341   6.953718246475496
1679848617.5004108   2.6339904170404758   3.771311716887654
1679848618.0018256   -0.5599070036082345   0.8323840263315647
1679848618.5026915   -2.6418740690603757   -1.3627491930781472
1679848619.003932   -3.9198786568433963   -3.479738273057789
1679848619.5049982   -4.947534261122639   -5.087180546988849
1679848620.005992   -4.840121909334026   -5.491717770897993
1679848620.506877   -4.954809092198742   -4.070675474390956
1679848621.007759   -1.8749085989966148   -2.2685155476702703
1679848621.5086298   0.17537938793208374   0.05751144689524157
1679848622.0094779   3.446305239457557   2.8882979276857217
1679848622.5103223   6.61871896261902   5.528236042307398
1679848623.011115   10.13800122316647   8.922613983332754
1679848623.5119772   11.96033951038862   11.25611459635568
1679848624.0128314   14.515751964831448   13.721126605338291
1679848624.5136697   15.153786365915835   14.545443089667732
1679848625.0146005   16.008555020193675   14.26136282927034
1679848625.5154283   12.140038890962739   15.18257109322819
1679848626.0162601   12.191775496328432   11.174212508581714
1679848626.517528   8.729863880092642   11.113609024685072
1679848627.0199022   8.441406441761945   6.6731875189872785
1679848627.520804   3.3879347005273486   3.669054994814561
1679848628.0216212   1.876137387174941   1.3423776073971587
1679848628.5225244   -0.5404420234205587   -2.695143337480646
1679848629.0234213   -3.2192271658992464   -4.1037487219408195
1679848629.5240226   -4.917199085346106   -3.4740162191857777
1679848630.0251572   -6.546953987129029   -4.01499344135617
1679848630.5264611   -4.2946591319612955   -4.028960628679682
1679848631.0276372   -2.1833737691933934   -2.243624422004654
1679848631.5286498   0.6622987245495291   -1.007313191891472
1679848632.0298822   4.872704180204432   2.7864399274228338
1679848632.5309432   5.369581041309573   5.56276131743983
1679848633.0322888   10.34325675979784   11.166222912997558
1679848633.5338602   13.210354920235996   11.874907425386395
1679848634.0352228   13.430310206430063   12.946577212572013
1679848634.5364945   14.878465364515048   13.07626976462561
1679848635.0377598   14.97144169920641   16.021300383155268
1679848635.538949   14.136254079500441   13.977461668879874
1679848636.0402071   11.337649052986302   11.042941071768805
1679848636.5414846   8.647641358502948   9.133527325737258
1679848637.0428002   7.402878193615193   7.62202358620694
1679848637.5440996   2.986237922561666   3.596222937053228
1679848638.0452178   0.05377587612463536   0.3412933293461633
1679848638.5462859   -0.4575011192431233   -2.1372998987407694
1679848639.0474613   -5.323317115039139   -3.9810505320191534
1679848639.5486534   -3.7114598244859742   -5.036236572562878
1679848640.0498781   -4.784954938972338   -6.2604549678909045
1679848640.551024   -2.198333818402049   -4.688876064151569
1679848641.0538025   -1.6978615069054859   -1.5320056944560165
1679848641.55508   -0.007112236013632367   0.39130616466041257
1679848642.056191   3.871150990320165   3.807241736242665
1679848642.5574627   7.293179113023066   6.836345967287145
1679848643.0589051   11.24125991047964   10.960246059686712
1679848643.5600338   11.84271655018449   11.218954571689338
1679848644.0610373   13.796382227596668   14.58207401677153
1679848644.5622544   15.031018885358927   14.989636769195911
1679848645.063792   15.729995536121633   14.992535897919932
1679848645.5651844   13.578084203464176   14.724123764364647
1679848646.0664592   11.129703199677447   10.144975174842285
1679848646.5674703   10.134109316526647   11.230232846492706
1679848647.0685856   6.508290039515018   6.606647109821718
1679848647.569868   2.067551888565319   2.849622825957776
1679848648.0710003   0.17127399750816946   -0.0697261557122128
1679848648.5720665   -0.14933552454779697   -2.5960336450360515
1679848649.0732749   -3.750852863893265   -2.6679926175660365
1679848649.5746582   -4.202363423300166   -5.389513058068867
1679848650.0759487   -5.769590890163153   -5.81707645800141
1679848650.5772595   -3.463839113936838   -2.6697340263127822
1679848651.0785275   -1.8764742278254976   -1.3664483445370443
1679848651.5797985   0.7910941090172464   0.7399435063775186
1679848652.0810673   3.680729585656121   2.3811942731825733
1679848652.5820854   7.975403735362866   5.497489499549157
1679848653.0832818   9.554402425965929   8.44274331302692
1679848653.5846622   11.024670173704472   12.315468105893418
1679848654.0862448   15.37311016087471   14.30038994593698
1679848654.5871358   14.421557548485461   16.84912946807487
1679848655.0882502   15.847953474097967   16.836075862528556
1679848655.589139   14.062526371466928   13.470532851715737
1679848656.0900795   10.649383012567624   10.94892637337468
1679848656.5909948   9.4235987730881   10.254417829427217
1679848657.0918217   6.218139201096681   5.688567861304662
1679848657.5926862   2.6660882920049342   3.0646645843078937
1679848658.093563   0.6142627093082852   0.20124369008303677
1679848658.5946069   -3.196304884601724   -1.970691485736029
1679848659.0957959   -4.016502896360257   -3.1599661722756545
1679848659.597124   -5.258547944093505   -4.7118137668313445
1679848660.0979803   -4.931534048363378   -5.043242102215519
1679848660.5993493   -2.587443235271878   -3.9229922351079143
1679848661.1006467   -3.001378238117316   -1.9750771845459858
1679848661.6018372   1.192485814276323   -0.6319438921001128
1679848662.1031008   3.8867431107173536   3.995860444233373
1679848662.6044068   6.6342935562758045   8.283492773162536
1679848663.1057012   8.223407711414913   9.54893374394813
1679848663.607054   13.928267812024094   10.828573577218588
1679848664.108546   13.498770660104386   14.776830693188215
1679848664.6101182   15.642313288191492   15.803678267496727
1679848665.1112113   14.777778121918093   15.36289715824682
1679848665.6120913   12.735344995965978   13.527116370726642
1679848666.1129704   11.542547685983449   10.44330269229361
1679848666.6136591   7.788933053868659   9.435124675769801
1679848667.1142318   5.654519774051635   5.969468881906129
1679848667.6153073   1.7620500946401703   3.0660666982497564
1679848668.1161382   -0.28399658378539133   -0.9904159521286588
1679848668.6170483   -1.4639727410823644   -3.045809190703774
1679848669.1179218   -4.136961114053171   -4.4137719309454155
1679848669.619097   -5.543636695577484   -4.186607216263751
1679848670.1203303   -5.844372142498862   -3.9972169183915573
1679848670.6214678   -4.238475858877599   -3.7742946334803973
1679848671.1227298   -2.5946481543224156   -1.5933688130543375
1679848671.62412   1.1465934450327109   0.9639667036815062
1679848672.1252878   3.9579835766952316   3.3286215571821667
1679848672.6263888   8.477707587311558   7.994847205822468
1679848673.1276288   10.066976551792997   9.82005384051715
1679848673.628682   13.160168893525723   14.229241329013776
1679848674.1298378   14.282155649294642   14.575940318930302
1679848674.6320245   15.947206174002568   13.744705030409577
1679848675.1333134   14.709828270801115   16.506503325740873
1679848675.6347024   15.311765109633793   15.190231319482024
1679848676.1358771   12.544462817548158   11.879353709387726
1679848676.6370795   7.419700261521095   8.095521437938677
1679848677.138389   5.614867323590641   6.7357974162552425
1679848677.6395328   3.863800935766358   2.9418794172783165
1679848678.1408932   -0.18038305569509472   0.6196641558010408
1679848678.6421537   -4.001450957531097   -2.3376611930607276
1679848679.1432934   -3.004983170047583   -4.367744866867932
1679848679.647239   -3.2213096259628475   -4.417252213895729
1679848680.1485407   -5.361540837214581   -4.166182658766946
1679848680.6498127   -4.434395299202101   -3.2627366377358813
1679848681.1511075   -2.457842522213478   -3.5859528320517824
1679848681.6525059   1.9873798240249902   2.128169769911716
1679848682.1539168   4.159487379988872   3.944063883851987
1679848682.6549191   6.814284223795079   5.468560646511737
1679848683.156423   8.966867018336039   11.22609054199093
1679848683.6573875   14.21851594009551   13.876189891214882
1679848684.1586883   14.105186933900363   15.14282394222253
1679848684.659964   14.920562081950825   15.378942338014546
1679848685.1613214   15.136519377187405   14.135560708153092
1679848685.6625938   15.31210530956644   12.83248136973974
1679848686.163766   12.16784414799933   13.106957879052569
1679848686.6648474   8.684811394466353   9.878993546165399
1679848687.1657214   4.497009626607241   6.446019290114866
1679848687.6665688   3.32008850485232   4.561733563350357
1679848688.167028   -0.4696332986623381   0.7899299965128975
1679848688.6682076   -2.480753353090091   -3.682363319796728
1679848689.1692748   -3.4286048359112726   -4.153007312506765
1679848689.670251   -4.0184133084335825   -3.400361831005391
1679848690.1711414   -4.665602968611059   -4.733680904800323
1679848690.6720068   -3.293387847063183   -2.0803624537302237
1679848691.1728556   -1.859335626528238   -1.5030568683604644
1679848691.6742501   2.2720466002848436   2.0150731743954267
1679848692.17542   5.104486362467085   3.5843384237420906
1679848692.6766798   7.827976416352264   6.8288280592903154
1679848693.1780508   10.310223306689096   9.317639762388827
1679848693.6793344   12.386723889100292   12.630331415405283
1679848694.1806402   15.065056391437833   13.225060438000332
1679848694.6827059   14.815832140283502   14.01219969326857
1679848695.1840072   15.352590161212715   14.669154642088998
1679848695.6852036   13.328046651515074   14.071365186396267
1679848696.1863074   12.671087665120888   12.53490103266253
1679848696.6877491   9.848657139988045   9.622416026352003
1679848697.189016   6.383514641731656   4.3869352525412015
1679848697.6934001   2.6527586211204266   2.067017036766046
1679848698.1948538   0.20909349037060448   0.23598407420352485
1679848698.6958594   -2.7198174897613807   -2.2369766335498795
1679848699.1967604   -3.580386944131365   -4.174692224154122
1679848699.6976414   -6.252410606760867   -4.762033955367976
1679848700.1984224   -5.217915402490532   -4.757944292601651
1679848700.6995966   -4.021557885506097   -2.4941154539380594
1679848701.200951   -1.1584751313048796   -1.1911460487111285
1679848701.7020662   0.08162092531591925   0.4056631279112952
1679848702.2028246   3.477127078134035   2.9626929860175952
1679848702.7039874   6.318665278148384   7.7578577099799
1679848703.205215   10.445457224555126   9.290748259766268
1679848703.7065065   11.35011850388539   11.94227644443774
1679848704.2078333   14.087835529039097   15.947236698310924
1679848704.7091458   14.884487808345094   15.08166002491365
1679848705.2102606   15.03435880809448   14.322301841377072
1679848705.7117279   12.893673695319947   12.987328369370388
1679848706.2128668   11.806103175334973   11.238408162162075
1679848706.714086   8.434346964721438   8.35168166877909
1679848707.2151675   5.012706876300224   4.957283142586036
1679848707.7162707   2.9428718610598414   1.059801244931034
1679848708.2173755   0.7917552230835845   -0.4299568790391258
1679848708.7185323   -3.3533219541230355   -2.6783291011210406
1679848709.21956   -3.983369417449523   -2.763015366242316
1679848709.7204554   -4.861431954369239   -5.216046181284783
1679848710.221283   -3.7130257369849393   -4.381403345046691
1679848710.7221658   -3.842939826241361   -3.334108449814551
1679848711.223353   -1.7431589041463156   -0.6806101887745392
1679848711.7245622   0.5277537661830858   2.194711365397951
1679848712.2258534   5.597847704428721   3.7453781984077565
1679848712.7270522   6.119281997902297   7.713138813915077
1679848713.2283344   9.64461244083723   10.661425472756353
1679848713.7294948   12.601720470531609   14.231114533077783
1679848714.2305992   15.266475584999611   14.192166224521063
1679848714.7318816   15.00276983210466   14.750069825798887
1679848715.2353623   14.643108906953284   15.609551159637952
1679848715.7364857   14.235330057677   13.44906607661047
1679848716.2376735   10.543515414987581   10.983407202111637
1679848716.7389648   8.994930495617616   8.760450851172736
1679848717.2405322   6.037099004728999   5.810448249404371
1679848717.741587   2.186175774465261   2.3385974594500905
1679848718.242436   -0.8403689252415409   -0.30259946112070585
1679848718.7433007   -2.781099042699518   -2.0905937845979436
1679848719.2443256   -4.650139266129086   -4.4368526836713995
1679848719.7455456   -4.673700029160319   -4.468857090379747
1679848720.246937   -4.564387226730254   -5.294476046226745
1679848720.7483463   -3.4411405628678495   -2.1336081709294135
1679848721.2496247   -2.904964184394375   -0.5458066565676553
1679848721.7507565   1.6469006200254077   1.3348315642988886
1679848722.2520237   3.459311362888851   4.761918507043444
1679848722.753341   8.701035447948748   7.424541564234997
1679848723.254883   11.625365981802808   10.715691522785427
1679848723.7561831   14.453205465830942   12.274613092383559
1679848724.257568   14.352558113196064   13.853317704802416
1679848724.758841   14.97234759689537   14.998994908034032
1679848725.2604725   15.014882403300824   15.953491000646757
1679848725.7617955   13.240629482773542   13.872252097484337
1679848726.2629468   9.600749260192831   12.702371678149367
1679848726.7642536   8.117334375862109   7.34872063886362
1679848727.2653837   4.994872171199453   6.136806004371171
1679848727.7670097   2.1544313074831827   1.8916657572869475
1679848728.2682137   -0.9259231617479806   -0.6967432730090186
1679848728.769372   -2.1358733156657532   -2.73340127024043
1679848729.2706966   -6.160783189467431   -3.6365724704477014
1679848729.7720053   -6.671938878575702   -4.029519956761854
1679848730.2733006   -4.4842331218154925   -4.523099671670134
1679848730.7750425   -3.4744141915179263   -3.7890835621811316
1679848731.2763178   -2.571840716287657   0.2744962396323003
1679848731.7776687   0.006034535313820033   2.921582694474755
1679848732.2787936   3.485996679589013   4.586948816240023
1679848732.7806494   7.89699107855098   6.72518503024393
1679848733.2818007   12.000822082179996   9.525488363094093
1679848733.7830846   12.454560511952105   13.317605660985556
1679848734.284239   14.432884657102814   14.049552096851246
1679848734.7855532   15.706281575050602   14.85890794990138
1679848735.287121   14.365520150282082   14.8617711098394
1679848735.7883859   12.303063136019329   12.547198150367523
1679848736.2896495   9.81484982838698   11.570168935150898
1679848736.790658   8.275987236594906   8.22566940225126
1679848737.291842   4.848538334140285   5.013321096931853
1679848737.7932198   2.106657427783949   3.624628211414958
1679848738.2941315   -0.3509600812141797   1.0813616442517484
1679848738.79526   -3.5722335230328466   -1.9290762512997706
1679848739.296385   -4.557367258777004   -4.920107041302573
1679848739.7975156   -5.156729730589508   -5.07810286887973
1679848740.2988398   -4.256240326948437   -3.8137033819344004
1679848740.8002424   -3.7680719615827747   -4.6312712365846895
1679848741.3017735   -1.01854135266911   -1.2440454365726992
1679848741.80306   2.057444775813443   0.9018373890472469
1679848742.3040013   3.9237996679619243   3.6307140733765806
1679848742.8051403   8.19006973657826   8.542747580456751
1679848743.3063307   9.565363713715273   10.811523634534572
1679848743.807598   13.654791231614091   12.155106479640063
1679848744.3089268   13.651316509382573   14.323003052830789
1679848744.8103154   14.00821387187769   15.914733934308856
1679848745.311456   15.633345201518384   14.091505631491978
1679848745.812665   14.559186868013981   14.252858842809333
1679848746.3137615   9.24509561262789   12.543399064146183
1679848746.815235   6.210818137630319   7.688084838471467
1679848747.3165529   4.988709903789952   6.106314357400695
1679848747.8175097   1.646018758388162   1.8498001168742624
1679848748.3187947   -1.5205965129855943   0.18883520103844686
1679848748.8199353   -4.438782853054768   -2.5467966619580182
1679848749.3204505   -4.539952581575328   -4.08335098834456
1679848749.82134   -5.247547679562054   -3.7523104658640998
1679848750.3221996   -5.0815452784960735   -5.014389046256838
1679848750.8230412   -2.704350510688011   -3.04317974617944
1679848751.3242173   -0.5471283667456573   -0.5568270982194443
1679848751.8253455   2.3651997841695698   2.2291064698725873
1679848752.3260286   4.805668541733645   4.733176084591567
1679848752.827281   7.479475625564243   8.333741194297291
1679848753.3285747   10.352059991778683   10.14788924244222
1679848753.8297153   11.251223077066923   13.139922440351791
1679848754.3313262   16.03980934150626   14.527851715991993
1679848754.8328507   13.677802376287561   16.181728226537892
1679848755.334028   15.752674034803269   14.281978116022232
1679848755.8371558   13.046698442868085   12.196296537800679
1679848756.3384523   11.103908848141824   9.59517040456148
1679848756.8397334   8.482104433335227   8.005197557484825
1679848757.3408513   2.959859063116718   4.385247164215908
1679848757.8418849   1.3478733083020922   0.567587427084326
1679848758.3430133   -1.372362116617049   0.11849718893597605
1679848758.844139   -3.5200701763693965   -3.4280392608019206
1679848759.3456144   -5.257920536378108   -6.487805545766574
1679848759.8469963   -5.808123364928231   -4.674337946018895
1679848760.3482714   -3.838144106791879   -3.7686517855585038
1679848760.849552   -3.824577783242113   -2.856288540251868
1679848761.350877   -1.8896472447222694   -0.9082467692607494
1679848761.8521957   1.6301725889819791   1.7331781128691706
1679848762.3538668   5.960583846886494   5.138314284684805
1679848762.8551338   8.578214174560214   8.945262482368593
1679848763.3564234   11.536005390830173   11.195248316759228
1679848763.8575015   13.688127727952958   13.381376177212372
1679848764.3587544   14.487964194652342   14.227439713091892
1679848764.8600535   13.706473680742334   15.09436239128327
1679848765.3638732   13.689457317619969   14.62293997134745
1679848765.8650427   13.184451188915524   14.372352754205309
1679848766.3659873   10.247326625274994   11.620186103663642
1679848766.8668823   8.709876254790162   7.799938453115339
1679848767.3677795   3.754835894712321   4.176921691003795
1679848767.8682768   1.7338354552322492   1.3296391214786498
1679848768.3695347   -2.9067402976189456   -0.9773923833214109
1679848768.8706539   -2.971335410187665   -3.415840580200099
1679848769.3717253   -5.655230095580863   -5.748261792305972
1679848769.8730159   -3.518493621352375   -5.977430985983365
1679848770.3741648   -3.8621544573518363   -3.2260041090023117
1679848770.8754935   -2.0681181101886703   -1.6565237867503906
1679848771.3766584   -0.04875163135464383   -1.10954209615688
1679848771.8778703   3.4825332512599205   1.4206210752477857
1679848772.3790214   5.508201878492289   5.677498425081806
1679848772.8803532   7.877462202028606   8.256765364195024
1679848773.381432   10.8810635366256   12.987489745519964
1679848773.8827012   13.688869077627762   13.288277703095572
1679848774.3870244   13.971699123167733   16.014159234549094
1679848774.8883448   16.539677989388775   16.93215145221489
1679848775.3896785   14.68069119361371   13.23098384738902
1679848775.8911831   11.01925505015738   12.207191756374025
1679848776.3923633   11.354157055470619   10.12478322780999
1679848776.8939307   8.81070279957989   8.088215371099677
1679848777.3952928   3.928315169251805   3.71833081044014
1679848777.8964667   1.469296016153121   1.2930978361070582
1679848778.3977182   -2.313936675847286   -0.13086271134048677
1679848778.8988788   -2.0649160691147297   -1.6182544072428688
1679848779.3999734   -4.759198524949801   -3.902807666048209
1679848779.901198   -3.969650136667841   -5.900277721185164
1679848780.402265   -4.210785541728483   -4.6253440745397825
1679848780.9034214   -1.6974777884007022   -2.727121066007649
1679848781.4045568   -0.38623991153281756   -0.8519498760443895
1679848781.9058409   2.5547771840304003   4.363943881820175
1679848782.4070926   5.054039223708851   4.229275782998156
1679848782.9084265   8.403747598224871   8.43130645192439
1679848783.4098032   12.11968805301769   11.79631071915632
1679848783.9110959   13.278250742672665   14.950282608517428
1679848784.4122097   16.39909304023082   16.012080537446163
1679848784.9135702   16.032920379263633   14.201594372426356
1679848785.4147105   14.459826503211518   14.277059018436166
1679848785.9159787   12.260986982507138   11.310688559873995
1679848786.4173083   8.973438182234332   9.436747246356735
1679848786.9184637   7.162230540661362   7.3568941420769125
1679848787.419755   4.54600296298085   4.139098811436256
1679848787.9209929   1.7489132973582389   1.7622568246563444
1679848788.4219031   -1.737526125212021   -2.5822694154323895
1679848788.9228292   -3.2649349191719077   -5.117688741522743
1679848789.4237194   -4.216825598175586   -4.4122633160006215
1679848789.9245245   -5.027031565278603   -5.184747216670612
1679848790.425722   -4.84480315180583   -5.230980583640379
1679848790.927374   -1.152646711188133   -2.394224392965223
1679848791.428663   -0.5773851160306274   1.0538757095559383
1679848791.9299886   2.0017045802423725   2.235179521072266
1679848792.4315302   5.028964493039705   6.3405089909533325
1679848792.932703   8.202751879947652   7.580715499815654
1679848793.4342074   12.3794875628937   11.615431075673156
1679848793.9353623   13.10435663333525   12.169514848067006
1679848794.4365988   16.024463940196647   15.74367185139444
1679848794.9452145   13.534329768418   15.021309800403845
1679848795.4463825   14.928791649937173   13.990745066228783
1679848795.9475641   14.468668855770243   14.123677782904384
1679848796.4486022   10.694523348331359   9.661677427897438
1679848796.9498243   6.662097579602495   5.785278400439044
1679848797.4509456   4.456033817203546   3.1750806584039046
1679848797.9537623   2.261453762017708   1.9273862820932806
1679848798.4549475   -2.0259471108022784   -1.543820183421925
1679848798.9562933   -3.3840752586884983   -3.221162887170058
1679848799.4573565   -3.520601781696125   -3.40811322462395
1679848799.9586434   -5.130337314953582   -3.0239690452890926
1679848800.4597344   -4.19445235787261   -5.507032252852975
1679848800.961258   -3.3588004566193996   -1.8097936404348975
1679848801.4625943   -0.28567343117952365   -0.5311512745588345
1679848801.9637506   2.7092119282672953   2.4511369060279637
1679848802.4647822   6.438685988038853   5.999163162880813
1679848802.9663181   8.749883493620315   8.486984596977857
1679848803.467448   10.811195319841175   9.848446672885329
1679848803.9686353   13.537860355903826   12.648657416754848
1679848804.4697661   14.848406553483755   15.392480464444809
1679848804.970879   15.553438263820453   14.57539751503191
1679848805.4719346   13.344969033165889   13.987968859082907
1679848805.9731505   13.572536526496116   12.003227537451844
1679848806.4738398   9.344855200987714   9.128014271556237
1679848806.9750078   8.278546303079207   6.954757360776576
1679848807.4763114   4.423401587534162   2.4507805149498383
1679848807.977745   1.3727757282308664   1.18571406644021
1679848808.4786506   -0.6594542529628089   -2.4391196007068086
1679848808.9798985   -4.602433575597934   -4.947656266219798
1679848809.481117   -5.227948242194549   -3.0336645063545093
1679848809.982285   -6.102359919573322   -4.6576668585846654
1679848810.4839516   -4.0276840044740645   -4.151738622539613
1679848810.9852424   -3.755197995943247   -3.1542850212611855
1679848811.486536   -0.4284558246047125   0.6664491550517685
1679848811.98735   1.5316507897096907   3.4196842632154936
1679848812.4888227   7.692095669386241   4.696399406344278
1679848812.9902248   8.539163826056763   8.772492070597574
1679848813.4914718   10.006892486477657   11.175782704528693
1679848813.9926238   12.415386560473873   13.588311423481507
1679848814.493846   14.187381253038241   15.09350942052971
1679848814.994892   16.380911620338527   15.913765377883918
1679848815.4960933   13.491105296217594   14.256031737607717
1679848815.9974349   12.173892762707752   12.33073129118345
1679848816.4986196   10.398220330264065   9.470507559478168
1679848816.999847   6.550223822068372   7.015676093248746
1679848817.5006964   3.8078365002655934   3.7568263366597296
1679848818.0147903   -1.1307439080098378   -0.087444052068126
1679848818.516152   -3.1797229038105255   -2.619514422875379
1679848819.0175242   -4.065974331986149   -4.495788952366661
1679848819.5188754   -2.8975299067294147   -4.795000178051332
1679848820.020296   -4.233187108164969   -6.1159595710562105
1679848820.5215874   -3.223479661779978   -5.080179934301663
1679848821.022856   -1.911403497308076   -2.598625112928882
1679848821.5240777   -0.2899223283330794   0.48203954243586544
1679848822.0251331   3.7945674870775905   3.2691833197502196
1679848822.5264003   6.448043797617185   6.279182597060663
1679848823.0277016   9.35660535388008   8.93808634773282
1679848823.5289924   11.579911552779743   11.10531795601466
1679848824.0303297   13.97073266121977   12.270308835099112
1679848824.531453   15.67931849153215   16.1852245325006
1679848825.0340574   15.607631083832219   13.565278430131428
1679848825.5356379   13.312529120964381   14.942454112730362
1679848826.0369837   12.850895515735083   12.550021228263914
1679848826.5381262   9.418483277159895   9.39366778446229
1679848827.039351   6.371970652314005   7.520092550473044
1679848827.5407531   2.163202155688184   3.232772672718051
1679848828.0420542   2.399420515311357   0.6216459625883839
1679848828.5430708   -1.3364350130704479   -1.7670116120471309
1679848829.0439641   -4.48552230075768   -4.006876834701879
1679848829.5448534   -4.938187862947838   -6.801977436964573
1679848830.0456455   -3.8330073634805064   -3.0807496528875
1679848830.5470908   -3.805643769734982   -4.473358932689892
1679848831.048168   -1.7715164392965996   -2.128445895724398
1679848831.5493011   0.35576219039353874   0.5035145813943644
1679848832.0504153   3.922313963642098   3.6644853145097627
1679848832.5516453   8.028956977067274   6.298482306090402
1679848833.052843   10.581654348240177   10.912336661613693
1679848833.5542848   11.931761638662111   12.202089677162046
1679848834.054989   13.932510833408509   13.691272416013568
1679848834.5560994   16.671120086062214   13.419866643267863
1679848835.0572774   15.172471789538491   15.589436068422193
1679848835.5588179   15.361358606936369   15.645568333172974
1679848836.0599654   11.729028717871218   11.865424139171488
1679848836.5605657   9.54609768288316   9.00534766970319
1679848837.0617015   5.7445414891839945   7.434934594003521
1679848837.5629745   3.4127371519878493   3.396934884115859
1679848838.0642343   1.984802008887515   0.42579351706482005
1679848838.565544   -2.233371213411635   -2.3459719798466265
1679848839.0669215   -5.2682971518516375   -4.418090516216622
1679848839.568064   -4.616129171192242   -4.3734578116922735
1679848840.0693727   -4.990421578587763   -6.201118557094629
1679848840.5710318   -4.051710204996302   -4.641493697400335
1679848841.0723293   -1.1669268860931914   -2.3320770128534636
1679848841.5735369   1.092391614427131   0.5125620022265159
1679848842.0744665   1.9123069638795682   4.1961811703053105
1679848842.5758529   8.524383116504602   6.618502235519278
1679848843.0771723   8.988819486875823   9.654601467480045
1679848843.5784414   12.060792943122115   12.598930785656398
1679848844.079752   13.965744723906976   13.226368763965567
1679848844.5812888   14.383476414274432   15.765106577576622
1679848845.0824344   14.688954404196414   14.668496877804674
1679848845.5835803   14.676155171057161   15.103473571966779
1679848846.0845976   10.922727484705675   12.063516953831208
1679848846.5858638   9.689265455550867   9.18298371479016
1679848847.0871618   6.33256970991092   6.4689452755107775
1679848847.5884578   2.9258125600623175   4.616511477022787
1679848848.0896506   0.22982100202777186   0.11597577949551843
1679848848.591031   -3.18886093561603   -0.5082105127232543
1679848849.0917106   -2.7824049242863196   -4.83314769507693
1679848849.5925949   -4.873744005945558   -3.804114440786708
1679848850.0934815   -5.450960892097486   -5.735262846571248
1679848850.5943258   -2.9065851840660746   -4.102997484558948
1679848851.0954833   -1.7926983861884394   -1.5119128612075492
1679848851.5968478   1.1080697223071891   0.32098583989444895
1679848852.0980465   3.6713121848631163   3.384197965924605
1679848852.599312   7.732012713320677   6.415178347613969
1679848853.1006444   9.288563329028982   10.82910490199619
1679848853.6019616   12.458028623427065   11.62232036775888
1679848854.103407   15.000328417713675   14.506037419364421
1679848854.6046143   14.710137998390051   14.423040768237037
1679848855.1059566   14.100566858382951   14.975079832974162
1679848855.6073024   15.565067797534928   15.070341034625354
1679848856.108599   11.60099286715796   11.92486900751186
1679848856.6099188   10.051774766425977   8.00583648990562
1679848857.111166   6.3095482630129345   6.1795930917085435
1679848857.6123934   3.8821277826704863   2.8900138365082304
1679848858.1137502   0.2421646009291339   -0.29138009215793315
1679848858.614861   -1.4475952176361684   -2.3093766502554134
1679848859.1161458   -4.075208066692724   -5.66100759782932
1679848859.61719   -4.0945407563665235   -5.386961614904655
1679848860.11832   -4.136327571403969   -5.122129381324567
1679848860.6195233   -4.333575937383077   -4.256492132493368
1679848861.120663   -1.4547194344869596   -0.12719385475063993
1679848861.6220155   1.3386819380756099   0.48381351371841347
1679848862.1235485   3.731620161099191   5.071938953140325
1679848862.6248364   6.839329167672652   7.087947804158476
1679848863.1262088   9.90890148668643   10.257253581518848
1679848863.6275337   12.332231923711426   11.051652288091997
1679848864.1286256   14.324193213538893   13.633841976148428
1679848864.6298938   14.259530828238605   15.207662604766067
1679848865.131139   14.744030271152894   13.624736693070512
1679848865.6323836   13.476775213524265   13.466651828631571
1679848866.133725   10.960143919137048   10.990333457193806
1679848866.635236   9.345435421243026   8.584046008090308
1679848867.13655   6.273274955544111   5.592295845697472
1679848867.637934   4.072113117830389   2.9120172379498577
1679848868.1390698   0.39216654537593837   -1.1969152092718458
1679848868.6400993   -2.674345912766779   -3.4276910788185457
1679848869.1412513   -4.133032417399067   -3.251763537057483
1679848869.6425364   -4.469959055795591   -4.6206095780778575
1679848870.1437755   -4.996012181558496   -5.05965427182976
1679848870.6450808   -3.659031466962971   -4.456985973708811
1679848871.1463199   -1.653178622661823   -3.3404021361582665
1679848871.6476045   0.4992894487607887   1.284475819895228
1679848872.1486216   5.157405054200483   3.519692463491722
1679848872.6495078   6.205303369423554   7.385961161311485
1679848873.1503491   10.119686140897441   9.429538786303901
1679848873.6511567   11.496298707999607   11.9839349258066
1679848874.152341   14.19040193262706   14.523347637671668
1679848874.6538048   15.653018138312667   15.235130422068197
1679848875.154973   14.94906936283679   16.381090633908297
1679848875.6561902   15.527753276138025   14.038619269451386
1679848876.1572814   9.958028762936618   11.51971196303695
1679848876.6584427   9.89345893272758   8.890571996561198
1679848877.1597762   6.2609423793514365   5.99404632994019
1679848877.6606865   1.5246680402440227   3.6908984568053187
1679848878.161906   1.13017679070946   -0.655481299688647
1679848878.663092   -2.671665691824034   -2.3939886970606623
1679848879.1642122   -2.9998906289282044   -3.2096243446300123
1679848879.6653488   -5.452435598617748   -4.889652369969141
1679848880.1669347   -3.2825471454963786   -5.732409289512781
1679848880.6705415   -3.3198856151910117   -2.275034092743706
1679848881.1718483   -1.4540481614858554   -0.4964915924529889
1679848881.673132   0.9484848943660509   1.4752267013511433
1679848882.1744006   3.207750882365244   5.200942246692107
1679848882.6762824   7.586561549607598   8.766392876273134
1679848883.177442   11.372570323868551   10.647665614428242
1679848883.6785116   12.626562695222646   12.301163479443037
1679848884.1797845   13.991227028638113   14.21840242876415
1679848884.680676   14.492400005773032   14.153116695738635
1679848885.1817942   15.865138323273293   15.023624484537534
1679848885.6830528   14.344702045020224   12.275243843120087
1679848886.184243   11.517374709623866   11.830017539060206
1679848886.687213   8.647442681643241   8.662277895815604
1679848887.1924398   7.290453157971947   6.485349951725194
1679848887.6940482   2.464765961140991   3.098763930314301
1679848888.1951976   -0.9115578950408323   -0.12100161940735005
1679848888.6964889   -3.000031155037706   -1.7466146046630875
1679848889.1976788   -4.388400141394058   -2.3554519918958716
1679848889.6987662   -5.510858971436704   -5.860917257004309
1679848890.20005   -5.1416236861045626   -4.074448572337104
1679848890.701326   -3.5172485057958776   -3.2107883663877943
1679848891.2025516   -1.3204597721100637   -1.401608138660613
1679848891.7037625   1.4724312775555504   0.5499842140181793
1679848892.2050416   2.909544216535421   5.214639119453096
1679848892.706329   7.5738265863509575   7.050685567081823
1679848893.2077463   10.715022673795543   10.022075477679538
1679848893.708917   12.576259747112017   13.005472560580037
1679848894.210038   14.907941137855122   15.501578053319518
1679848894.7113457   14.58929647660457   16.780296761405413
1679848895.21265   13.855792206914927   12.965278707473592
1679848895.7139356   11.89095316595882   15.37815007449847
1679848896.2152123   9.896889844279219   9.881595607391901
1679848896.7161524   8.810300713503036   6.861820148470037
1679848897.2169597   5.857328900298738   5.626460160077753
1679848897.7178855   2.8154196014884776   2.120565933584305
1679848898.2187567   1.3941709824729385   -0.8434215777066103
1679848898.72151   -2.4877116421606162   -2.9181912622440502
1679848899.2227151   -4.4069941027541155   -4.594372861512494
1679848899.7243097   -5.5807031690355196   -3.9072413073169274
1679848900.2257097   -4.54525429284238   -4.27207631642697
1679848900.7270803   -3.3976675015343796   -2.033970972081307
1679848901.2283952   -0.7051643970008761   -1.5742203307616545
1679848901.7296853   -0.39213998811803297   1.984914331309815
1679848902.2312832   4.26206256718999   3.4495216600519507
1679848902.7327242   5.68633636109173   7.4770347753289235
1679848903.2338574   10.696630577098686   11.735958209861245
1679848903.7351248   11.995063513963075   13.531984931260256
1679848904.236184   15.37101674587632   15.109718908642398
1679848904.737504   16.331692426646597   14.668298600334142
1679848905.238816   14.182514428062737   14.254014773138504
1679848905.740169   15.223047804548465   14.928103119232377
1679848906.2413359   10.617469062305192   12.739311480664337
1679848906.7426257   7.302265610755133   9.150857039792962
1679848907.2441502   4.156570393862513   5.440974918688274
1679848907.7453206   1.2888468782983022   2.653363385668423
1679848908.24658   -0.5869548480656614   -0.37619693750397387
1679848908.7477114   -4.437949545428177   -2.7480099935701765
1679848909.2486846   -4.076864014968641   -4.367647182160581
1679848909.74961   -4.523947967690473   -4.576444857450508
1679848910.250301   -3.872247638985559   -4.228572208919818
1679848910.7511754   -3.260734488050709   -3.1270095375116402
1679848911.252055   -0.3541136009389896   -1.550896833459806
1679848911.7532613   -0.28911822649195584   2.0502526775155943
1679848912.2552772   4.656126804263502   4.300276317660121
1679848912.756415   7.715001674597548   7.317210303609035
1679848913.2576776   10.04072348360035   10.792821035603785
1679848913.7589512   13.023857326372287   13.486133440102158
1679848914.260261   13.793799493703593   12.680290885787638
1679848914.7613091   14.669357344241755   14.165207176892354
1679848915.2625344   14.123822196392387   13.33484687498241
1679848915.7637446   14.97206082028141   11.391906366376023
1679848916.2649443   11.113704293246712   10.292737394404822
1679848916.7661746   8.51307891449681   8.39912542879385
1679848917.2673237   4.1351024754489885   5.364455478849728
1679848917.7684183   2.91571083683473   1.7905578097802133
1679848918.2697594   -0.32413067801869877   -1.3504225127603713
1679848918.771013   -3.0849626191868564   -2.929368776226874
1679848919.272199   -4.4311255770821445   -5.284620795615442
1679848919.7735186   -4.954156696982313   -4.927163760096169
1679848920.2746778   -4.6669882579283835   -4.7687441064257206
1679848920.7759557   -2.95356304797217   -3.5430379259720617
1679848921.2773986   -0.6136255076285253   -0.9727033458443932
1679848921.7788606   1.801863351335861   1.4034695835554896
1679848922.28044   5.263959470250171   5.834761392951905
1679848922.7815802   8.355149658809202   8.01667245546536
1679848923.282836   9.475464643292373   9.667828188009338
1679848923.7840056   12.945197439013041   12.61180723644511
1679848924.2852495   15.300870310511044   14.21986327630392
1679848924.786432   14.03981063239367   14.74042671597918
1679848925.2876937   14.698045641523631   14.663066349836548
1679848925.7889867   13.455318513428015   12.935777140187696
1679848926.2903254   10.307517499774358   11.027098585219997
1679848926.7914777   8.19501824832463   7.1355246778499835
1679848927.2924364   3.7854654862280097   5.766391578453287
1679848927.7937617   2.130372155183177   1.3678992553175244
1679848928.2949402   -0.12533046329133457   -2.0542548360662076
1679848928.7963135   -3.510661744748316   -2.5623488264526566
1679848929.2973335   -4.212835072609003   -4.97294834044617
1679848929.7984514   -6.379464072585678   -4.311366070149312
1679848930.2997215   -6.488004917577766   -4.822462378512043
1679848930.8008902   -1.9024060690046072   -1.1604665993838068
1679848931.3020325   0.1255527315069267   -0.7159663270183741
1679848931.8030648   2.002770559250679   2.6515822043189967
1679848932.3043036   5.239176326871689   5.665376642691071
1679848932.8054454   8.28933548155098   8.15752717939621
1679848933.3066962   11.896684852983633   10.239840758215037
1679848933.8078218   14.157570128156802   14.315019664967313
1679848934.3090746   15.36105769600228   14.142022309692518
1679848934.811979   14.27460213756618   15.323825746680269
1679848935.3136456   14.578887587702637   14.820247677869812
1679848935.8148894   13.702507640786674   12.865958749308463
1679848936.3158925   11.00519890088958   9.172111366251139
1679848936.8171742   8.136660890825265   7.88212461145645
1679848937.3182855   4.605444803722264   3.4735799275876356
1679848937.8273673   1.736698266909997   1.9657874778293158
1679848938.3283348   -2.369423114714289   -1.4418081016499191
1679848938.8295937   -1.435077889282389   -2.243576927401803
1679848939.3306518   -4.514965702583817   -3.635872803241198
1679848939.8313878   -6.582985747141905   -5.038997186698859
1679848940.3327892   -3.463750946222361   -4.4753418885067155
1679848940.834461   -4.3903707393355695   -4.223721708411481
1679848941.3357515   0.27294813155246356   0.13928902981812974
1679848941.837175   0.9503816738142254   1.9834951796070608
1679848942.3384502   5.279149679399672   5.004922991671568
1679848942.8400269   7.040610430271286   9.220781131905326
1679848943.3415942   11.157211718445064   9.138357253915252
1679848943.8428724   13.377263241979596   14.284962596944355
1679848944.3441477   14.620925085523073   15.309824959694184
1679848944.8452747   15.973388534711612   14.947914205985942
1679848945.3464239   15.041740060355435   14.10251319782589
1679848945.8475952   13.043443681343632   12.993639453575089
1679848946.3487034   10.499275718412248   10.379619396378256
1679848946.8499367   9.1027734990866   6.8598085538098275
1679848947.3511195   4.4490648294374395   4.387958206064352
1679848947.8524024   2.9290959145065045   1.1524992430239327
1679848948.3539188   -1.5921408375167194   -0.7303091879006728
1679848948.8549647   -4.52181251354363   -3.2719802674853042
1679848949.3560836   -4.682549186084793   -5.290768199221972
1679848949.8571935   -5.075540151273616   -5.757864407121554
1679848950.3586156   -3.0591776757523137   -4.680487903376468
1679848950.8599129   -1.9721226176066113   -3.0826334499338457
1679848951.3613667   -0.8660345186826468   -1.6937826552606918
1679848951.8625088   2.769825104539594   2.296956368436582
1679848952.364007   4.282884678095462   3.7049782434255514
1679848952.867843   9.274628098362049   10.302311193042152
1679848953.3693073   10.33302281660807   9.683825820974475
1679848953.8705916   13.632020556732861   12.607620007298568
1679848954.3718755   13.818408254313836   14.628159328175652
1679848954.8731747   15.177776637224957   15.541502728124476
1679848955.377307   15.399558019024177   15.376835566184813
1679848955.8785963   13.419462264043341   12.079181068606164
1679848956.3799238   9.002768929021004   10.623497458072901
1679848956.8809252   7.287622389790523   7.0160217198420725
1679848957.3821895   3.062087801110902   4.549479380449441
1679848957.883882   1.3493665340134444   1.3606085169384048
1679848958.385116   -0.7245618822820536   -2.011606950382472
1679848958.8860984   -4.179387336643023   -2.0362771641996074
1679848959.386993   -2.6902416562312172   -4.9281428275170684
1679848959.887814   -4.438871122729309   -4.4698394595370905
1679848960.3886778   -4.368851766010461   -5.007082697490406
1679848960.889951   -2.780749137942041   -2.7843258090219805
1679848961.3911855   -0.5963485223387364   -0.4575560244065158
1679848961.892294   2.4704466390798823   1.9025079739410105
1679848962.393778   7.452513671296113   5.487178517184538
1679848962.8950608   9.094529396295231   8.324651786437025
1679848963.3963704   11.452108297824585   11.376673952974562
1679848963.897431   13.169555143288793   12.680763775266524
1679848964.398756   14.198073020864182   13.598793781547675
1679848964.9000523   15.73734001581671   15.672762964951621
1679848965.4017687   14.526594603141792   15.311092538038372
1679848965.9029865   12.638365342749204   13.521793581606088
1679848966.4041216   11.059543234854244   10.678353003450066
1679848966.904935   7.466838952293858   7.148285630044826
1679848967.4061208   5.138598503631828   5.1712045320028945
1679848967.9070928   3.133762751012487   1.5846366713670428
1679848968.407904   -1.0304256791669928   -1.4430018997608367
1679848968.908758   -4.622244547816395   -3.9796788563338272
1679848969.4095438   -5.918729007395869   -4.661113213504441
1679848969.9108214   -5.412844157269969   -6.098654184261353
1679848970.4121244   -4.071052517211936   -4.3673803830227085
1679848970.9135199   -2.2418301830802334   -2.377931947019839
1679848971.4148252   1.4006629795084053   1.0050060386252482
1679848971.9166546   2.4668102775738623   2.0380398190492595
1679848972.4181743   6.120614025363141   5.411238937286704
1679848972.9195511   7.790822246776142   8.807948102050819
1679848973.4206908   11.26956157150824   11.262913091218207
1679848973.9220166   13.718080351899408   13.2590734919041
1679848974.4233105   14.730036738743433   14.792344788969741
1679848974.924669   14.894721705649912   14.919536516442399
1679848975.4260652   14.260099770557046   14.32686662462666
1679848975.9273329   14.273938557496006   12.768123654149703
1679848976.4283967   11.776288870207528   9.159965028912893
1679848976.9296372   5.42950201367741   7.07817351131864
1679848977.4309292   4.18826496401437   2.8539765385066693
1679848977.9321446   2.0888902906343674   2.48457647974284
1679848978.4330215   -0.17403744563767742   -1.1506040880404067
1679848978.9338825   -2.688645276206382   -3.728581427734753
1679848979.4348078   -4.057572070528148   -3.2696589112189347
1679848979.936003   -5.133519822697499   -3.3013502514311637
1679848980.4372978   -4.221888539525017   -3.8931246166310767
1679848980.938591   -1.2249804989783102   -3.1362218638549377
1679848981.439876   1.3685038408831462   -0.11286744857626588
1679848981.9408066   1.7370180283830097   3.0571352532370657
1679848982.4418802   5.521899584125905   7.1603006551733746
1679848982.9427955   7.703172368723358   9.178344532563592
1679848983.4436865   10.992251166809984   11.535212781607374
1679848983.9444828   13.472554005972432   14.113204826220075
1679848984.445651   15.571630982138226   15.28368091887268
1679848984.9472077   16.239203598825263   13.495034849557928
1679848985.4486485   14.777153016613717   13.483407153386686
1679848985.9502003   12.601712190861937   12.4521131089925
1679848986.4512632   10.159971633665823   9.783182189970843
1679848986.952634   7.077459201910007   8.75292718200324
1679848987.4536238   3.6401263357810025   5.068891378280151
1679848987.954803   -0.32244003172756663   2.2063153070290316
1679848988.4571447   -0.3918542217374017   -0.07758580447431873
1679848988.9580028   -2.8049758512620446   -3.381141363256908
1679848989.4590359   -5.795342447855583   -4.0659008333578885
1679848989.960338   -5.863077007804083   -4.673789820836304
1679848990.4614446   -4.638212423664395   -4.435217932309968
1679848990.9627252   -1.4509446614089634   -2.7158700641374103
1679848991.463915   -1.3336073724958533   0.9022300138025486
1679848991.9650578   4.285051007689957   3.683562032809707
1679848992.4663575   5.7208318328369   6.605793624268024
1679848992.9676542   9.168698555233105   8.78341316919321
1679848993.4689274   13.616705540593905   10.342352985404096
1679848993.9700623   15.102940161071658   12.907274880069098
1679848994.471578   15.45225836853565   14.051566730918966
1679848994.97279   14.53354545865502   14.868713286884184
1679848995.474051   14.096059305291469   14.250385026533555
1679848995.9753494   13.895566497895489   12.574588364661865
1679848996.476655   10.761191612060355   10.153338001284087
1679848996.9778512   7.5580838635305945   6.605513203834153
1679848997.4790294   3.969377500845791   3.8484501323271747
1679848997.9800768   0.6403661267216363   0.9085359333234586
1679848998.4813786   -3.147056700089469   -0.9585652018933168
1679848998.9825256   -4.755797858763661   -4.002670692910543
1679848999.483764   -4.441337895205819   -4.030383100387528
1679848999.9848645   -3.3989190256070025   -3.8559503198221554
1679849000.4861171   -5.0539266449844975   -4.0937039237360775
1679849000.9876413   -3.707350548072   -2.7754325587696207
1679849001.488957   0.10258601402611545   -0.014302687449638626
1679849001.9902058   3.0714817698582273   2.3752607426447816
1679849002.49136   8.11724217628831   4.351380746281865
1679849002.9926293   9.003974599532013   9.328471491132188
1679849003.493999   12.244766993194434   10.561996046916784
1679849003.9954689   13.759727663239293   13.428967797443429
1679849004.497009   15.076570639714976   14.25485584619961
1679849004.9982755   14.169370098012491   14.393056672996092
1679849005.4995499   13.09600236337424   13.93776362698402
1679849006.0008183   12.961728652807691   12.955117666305632
1679849006.5018744   10.342356437904655   9.852308489674693
1679849007.0031414   6.273395874550983   5.571862322165806
1679849007.5041022   3.7824130812740617   4.030818145676669
1679849008.005388   -0.1895517578861574   1.3216613099321255
1679849008.5066774   -1.0603321584650836   -3.5635532600813553
1679849009.0077698   -3.25423407390561   -4.609575587054596
1679849009.509024   -5.8933671892038735   -4.402658718474657
1679849010.0104053   -5.35475407945017   -6.817355264968304
1679849010.51169   -3.016661967949487   -4.631905569338588
1679849011.0129778   -3.157262162313356   -1.3380977858364185
1679849011.5142715   0.5453187812416851   0.22470217583493807
1679849012.0155423   2.945369801670525   2.33957701273373
1679849012.5171335   6.55313918402171   5.021264714702582
1679849013.0183353   9.842118750251794   10.596522579698046
1679849013.5193334   11.342881156346008   13.235297086065861
1679849014.0207891   14.011315957773895   14.346715979221749
1679849014.521961   15.750852908715892   14.693357765022967
1679849015.0233383   15.581156635297686   15.481697767968578
1679849015.5246553   14.797640139096057   14.228743332259048
1679849016.026114   12.755525584740052   12.138288114659296
1679849016.5272148   10.013888016856027   9.829896296916647
1679849017.0284293   6.842590234018122   7.578970157350059
1679849017.5297377   4.144145163074647   2.7980286649205866
1679849018.0310223   0.4008798695311284   0.11427511926845424
1679849018.5322015   -1.4613175274233592   -1.0454600658429534
1679849019.0333304   -4.453057800510594   -4.508193821983013
1679849019.5372818   -4.942574955238451   -4.627437571314105
1679849020.038505   -5.124350803104485   -3.6877143134802743
1679849020.5397642   -4.827418328633771   -4.039744271581557
1679849021.0410638   -2.5271692032374466   -2.2495802887352103
1679849021.542255   1.0670847161415191   0.9975768911231672
1679849022.0435984   3.176791695997342   2.743870448792984
1679849022.544932   5.608267858805535   5.934534117197093
1679849023.0458877   9.499910183428492   8.85681967151848
1679849023.5473611   11.513298530767791   12.906046216253253
1679849024.0485055   13.16384057692304   12.748073174343835
1679849024.5496619   15.394211718452429   14.632087923244175
1679849025.053872   16.152682453215615   14.003249163483051
1679849025.55499   14.162531772363572   13.97056453164608
1679849026.0561244   13.748781462127289   12.00068161492794
1679849026.5573268   8.42025874281228   10.265211263619184
1679849027.0585737   7.832794295247002   6.730913387221807
1679849027.5597467   3.7162815859685803   3.827929837485488
1679849028.0609822   -1.388490129792617   0.7797322632432716
1679849028.56209   -3.1046451791967584   -2.1509756058308214
1679849029.06338   -3.7798456065173256   -4.52068230918968
1679849029.5645888   -6.366498096549973   -4.542869185287383
1679849030.0655985   -5.256888534727202   -5.642495165373433
1679849030.5666592   -2.1676839415606146   -2.346342535765042
1679849031.068792   -3.833207678556516   -1.5874228351800264
1679849031.5696673   0.2669780675747701   0.10925397330915548
1679849032.0705273   1.7956226962285653   3.4816632025210072
1679849032.5715256   5.458267775694995   6.364535853389087
1679849033.072826   9.933951132522514   9.922754239764313
1679849033.5739863   13.871757462306087   12.436734940094384
1679849034.0750906   14.280871403618926   15.080584064855081
1679849034.5761275   14.727554364571379   16.398272848596736
1679849035.0772312   13.253145313230913   13.080388463850081
1679849035.5782225   13.914683730023164   12.788759282425529
1679849036.079441   10.160069767957344   11.728344264117693
1679849036.5805607   9.377728383778264   9.285013637308975
1679849037.0816505   6.586845809952321   5.742087504560283
1679849037.5828032   3.1606895902213012   2.9485806755405832
1679849038.0840285   0.2873049746132121   0.7191164173687812
1679849038.5851529   -2.1446746236671923   -2.8224513167595617
1679849039.086428   -4.0785702015125125   -4.427409567820995
1679849039.5877335   -5.04991798326841   -6.52138716090178
1679849040.0888956   -5.0701219307652945   -5.2895219142646255
1679849040.590383   -3.9865401711196404   -3.924754519260688
1679849041.091518   -1.6818096730068786   -2.6966556386703076
1679849041.5930583   1.6235760663088619   0.7119506749605092
1679849042.0941956   3.63024587702218   3.7046481356367207
1679849042.5953116   5.65754869380684   6.960463322934749
1679849043.0964463   11.112785623274029   9.403950317186732
1679849043.5976954   11.085453953475646   12.215301115764456
1679849044.098919   14.607650273814576   13.364381126574742
1679849044.6001422   13.005189219388242   15.081860686030572
1679849045.1022418   14.339293211144536   14.503063270868095
1679849045.6039755   13.839655113693208   14.538501030222422
1679849046.1052532   10.03283075747909   12.39803197973699
1679849046.606544   9.55730759409747   8.285212486787437
1679849047.1075368   6.551578416412747   7.175130842537899
1679849047.6088154   3.1553013536243646   3.2100665677026834
1679849048.1102982   -0.13313508830477866   1.2516462557108283
1679849048.6116219   -3.5849524739426366   -2.524636011600209
1679849049.11281   -3.658669689159489   -4.0169070202795965
1679849049.6142356   -5.027230207400865   -4.437472596169706
1679849050.115508   -4.800116861100854   -5.396147833593297
1679849050.6172965   -3.755376161459743   -3.1597910571276357
1679849051.1184125   -0.19924505619403554   -1.9315218963812126
1679849051.6194618   -0.9265855532360021   0.6672281574592722
1679849052.1206694   3.7982031255627864   4.8875033966953705
1679849052.6217084   7.124609954740277   6.5044480366741455
1679849053.1229193   9.931211805632952   9.86996990670245
1679849053.6241078   12.212368316923266   12.36214082201504
1679849054.1252255   13.737211481086604   12.967173273571287
1679849054.6262348   13.70746919955771   14.48355673718828
1679849055.1271963   13.2470634114751   16.5169901414162
1679849055.6280687   13.936066616514985   13.524603658242803
1679849056.128924   12.751113860272929   11.433150475533541
1679849056.6299558   8.681386321767382   9.621566888683411
1679849057.1310234   5.779878959186595   6.114743036610303
1679849057.6321387   2.0167338624048807   3.015302448236725
1679849058.1332674   1.6558165266866884   0.374378808544103
1679849058.6340766   -1.6381251487055546   -3.021469326219413
1679849059.1354146   -3.024656729056086   -4.868362785352478
1679849059.636361   -5.281516889532274   -4.798347064274421
1679849060.137786   -3.721218676626374   -4.5693027990070405
1679849060.6389706   -4.372520429015309   -4.298540128215181
1679849061.140067   -0.053393339899045156   -3.0800970044878078
1679849061.6413088   1.395280465739068   -0.4351634496008763
1679849062.1425216   3.7818124213933952   4.954265057195247
1679849062.6438303   6.57830265129963   6.774314630068489
1679849063.1448972   9.747276222707672   9.832205443806671
1679849063.6461406   11.879713287304257   13.020759195197687
1679849064.1471946   13.751995482353731   14.180158176287353
1679849064.6485314   15.126857373461126   14.981159429726578
1679849065.1498966   14.690878171556989   14.30928043049733
1679849065.6513615   14.304503662019599   13.700656916494541
1679849066.152396   10.751792556112752   9.981772698520192
1679849066.6535256   8.853884919832488   8.976893541263044
1679849067.1546633   6.711732144835521   5.6496754414713015
1679849067.6559422   3.0077605062415147   3.2969378988138196
1679849068.157296   -0.02233711504964031   -1.0281808956124965
1679849068.658276   -4.2779133533706375   -2.5125219102069876
1679849069.159561   -2.741637834680268   -5.188788619784931
1679849069.6607132   -4.656109213853701   -4.826258133324453
1679849070.1620297   -4.511876033674639   -4.528921470284517
1679849070.6632047   -3.46073077325816   -4.473195832213546
1679849071.1644619   -0.6359303156485915   -0.219548779329779
1679849071.6655056   -0.8589489685968004   1.296333856915159
1679849072.1667445   3.2025993051522104   2.5049342728821102
1679849072.6709983   6.6702578866040465   7.256340528519689
1679849073.1721737   10.409518941089406   10.690334084102874
1679849073.6735868   13.188695376670937   11.158347480035129
1679849074.1749024   13.65926826046145   15.492975319646922
1679849074.6763053   14.915090144541564   14.834465735274652
1679849075.1774585   13.21680978878883   15.217093152720363
1679849075.6784532   12.886288257571819   14.879523309518891
1679849076.1795883   10.204721369147878   10.83375367748833
1679849076.6808732   9.085771517059115   7.463205853463586
1679849077.1824336   5.77521174198579   4.855409730954038
1679849077.6837828   2.441871275541133   2.899029986128683
1679849078.1849372   0.10897372897138952   -0.2813099701934148
1679849078.6862051   -2.2647990688198822   -2.0674822821204306
1679849079.1875298   -3.633572626178803   -5.4811335985535115
1679849079.6889095   -4.6597245078526965   -5.151546431008422
1679849080.1902409   -2.8378470210760245   -4.712366591674984
1679849080.6912875   -4.486943107632716   -2.762035802754551
1679849081.1925168   -0.5280112404493189   -1.1674687919001294
1679849081.6937075   1.1450805125058607   0.697229155110818
1679849082.1948562   3.152307848255046   3.724669139713935
1679849082.696048   7.086213408671658   7.445137863027616
1679849083.1974075   9.125965258744351   10.351083100366415
1679849083.6984642   12.994385413774157   12.889001053138934
1679849084.1997051   13.129815972565902   13.95133055710045
1679849084.702057   13.770418097105564   15.448304027395643
1679849085.2031686   14.754586864140567   15.457283801965295
1679849085.7045734   13.174711514398085   13.627834814803645
1679849086.205855   11.584038835295793   12.098630048706994
1679849086.7071524   7.880495244618232   8.964927557537798
1679849087.208552   5.586987413038992   6.092727415421773
1679849087.7097087   1.534727525394986   2.9901516710428226
1679849088.211214   -1.0071185864293075   0.9706662356448938
1679849088.7121964   -3.665406183576801   -4.472789649091777
1679849089.2130935   -3.3706299659757915   -3.99182665912172
1679849089.7139845   -4.27989242423101   -3.775040235017914
1679849090.214784   -6.178970445431776   -4.415374965511562
1679849090.7159553   -3.369637216124179   -1.8913370904251627
1679849091.2171705   -3.012220043018946   -2.2284871464564144
1679849091.7185156   1.020050420492789   2.578727355780387
1679849092.2198243   4.988110172758034   4.418654103404985
1679849092.7205086   7.203093069395933   6.792019744966611
1679849093.2217443   11.76329071614461   11.741744558079795
1679849093.724099   13.494065413234013   12.162814561063803
1679849094.2255647   15.09704341952932   14.40174225632501
1679849094.7271855   15.104551723121482   14.05761559726443
1679849095.2281184   14.770704136853954   15.086117481989984
1679849095.72932   12.498471608896491   14.178271289618257
1679849096.2307446   11.540952500117811   11.534258249148252
1679849096.7318842   8.549358976964504   8.497545339943848
1679849097.23314   5.942214445280354   5.895948115361881
1679849097.7343261   2.5041586535365417   1.8677420036295542
1679849098.2355814   -0.754309781748851   -2.3207200864889606
1679849098.7367404   -1.2156248251475423   -2.9216308967976663
1679849099.238027   -5.609576434937901   -3.2506588417030153
1679849099.7395186   -5.301524175241871   -4.812117490540072
1679849100.2408383   -4.716438692663783   -5.251398197294009
1679849100.7420402   -3.3677647025408586   -4.874472535711775
1679849101.2433655   -0.8582236814638178   -2.2215560116830355
1679849101.744691   1.2489057771964613   1.5755694160628422
1679849102.245783   3.8934606944476386   2.9901618221390684
1679849102.7471185   7.553381153994107   9.562487184543432
1679849103.2482228   10.61201388198961   10.355572262633011
1679849103.749376   13.28715208405488   12.89255566773378
1679849104.250738   14.199153989953825   14.415867897349735
1679849104.7518115   15.952419139487102   15.43759264435696
1679849105.25305   14.914881261729747   14.236463457548188
1679849105.7540858   13.3636367635744   13.249104286695413
1679849106.2551844   11.210682595947727   10.716299998540139
1679849106.7564836   8.358578726695455   8.259741715611565
1679849107.2577882   5.362088424989901   3.979288251404176
1679849107.7590973   1.7206406312520688   2.421443192366567
1679849108.2605484   -2.272681434764759   -1.234839880735072
1679849108.7618468   -3.9462112077034135   -3.9155035862058263
1679849109.2630293   -3.7078313876706916   -5.20857064832744
1679849109.7643528   -6.735124045801802   -5.161620344185325
1679849110.26561   -4.959955361062983   -4.363829115200795
1679849110.7669852   -2.1885131416253456   -2.3389736762336413
1679849111.2681758   -1.3829959817958932   -1.6746522369372219
1679849111.7694452   1.1883693013333687   1.6711223843895666
1679849112.270647   5.39932798577236   4.395173396429917
1679849112.7717826   7.7075473476480365   7.776117090088337
1679849113.2733517   10.015238111354279   11.669131075070172
1679849113.7741036   13.947256784913218   13.346650589266213
1679849114.2754061   14.677750561644546   15.60161508772207
1679849114.776492   14.825342908672916   15.461019647864273
1679849115.277298   13.771583231166806   13.691724630631509
1679849115.779784   13.208137611112745   14.169695426300294
1679849116.2812405   11.013948210130796   10.827062725340427
1679849116.7825341   7.822206556027288   7.631166359597343
1679849117.2838788   5.800175398394243   4.771215334844279
1679849117.7850122   1.7025579114872904   1.3806407381514525
1679849118.2860758   -0.6345312887324951   -0.7870306325100934
1679849118.7872057   -2.974758135805204   -1.7015554967216453
1679849119.28847   -5.077570556340238   -3.4101937775646087
1679849119.7897696   -4.746982823253471   -4.945341644034414
1679849120.2910552   -4.094536604098277   -3.195826950774685
1679849120.7923353   -2.424407072643838   -2.4876402931369834
1679849121.2937899   -1.469400868084342   -1.0429927822801144
1679849121.7949097   0.9420176796318467   3.7408136996611514
1679849122.2964432   3.9328938347079445   4.111064972772017
1679849122.7980967   8.059313559396024   8.37973585410195
1679849123.2991333   11.627220847046896   10.124508550532285
1679849123.8004122   14.836640284792848   14.333333521526527
1679849124.3015473   14.427634156815394   13.997597179713726
1679849124.8026764   13.589141077350076   14.654603755311966
1679849125.3039372   14.09121764249727   15.26191288097092
1679849125.8049898   13.220276814053124   12.989273931459415
1679849126.3062134   10.245270230690993   11.818024207753886
1679849126.8073485   9.545087185147114   9.291072304767788
1679849127.3086174   4.890989963821809   4.316744146409568
1679849127.809448   1.7283780389247803   2.8612821583053205
1679849128.3106976   -1.6627501738917385   -2.4602890682261265
1679849128.8118787   -3.886443578093958   -2.018289058306313
1679849129.3135717   -4.304969161908965   -4.143180247955299
1679849129.8148112   -4.681437595569081   -6.594298859340158
1679849130.3168108   -2.8861999866329837   -4.012334929946784
1679849130.8180811   -4.2465775148412845   -2.8197458669799937
1679849131.3230157   -0.7325558504978251   -0.8007537865143977
1679849131.823827   0.11185192898010676   3.0969915871470866
1679849132.3251235   6.085788340880271   6.686988679054903
1679849132.826393   6.401674428679533   8.844259267701702
1679849133.3275852   10.538247091017533   9.669808687090969
1679849133.828728   12.384998468126703   13.557651312159628
1679849134.3299851   14.436681906408051   14.662093327584648
1679849134.8312788   15.594901806688544   16.927874381607275
1679849135.3325198   16.381600785588432   15.677320713622398
1679849135.833808   14.266351832605631   14.342393293880237
1679849136.335072   9.103041910598623   10.14185233815394
1679849136.8361864   8.733531317002504   7.492586107843049
1679849137.3374596   5.792421353948031   4.7891974306412175
1679849137.8387656   0.160103737565368   1.500488972772522
1679849138.3400633   -2.1999101415802693   -1.1555126729497203
1679849138.8418179   -3.710001057584452   -2.240454505055343
1679849139.3430052   -5.693158458010781   -6.427075567390443
1679849139.8442688   -6.660856675666292   -4.485463840390324
1679849140.3453188   -4.543267604959029   -5.42198086032591
1679849140.84655   -2.189477499900661   -2.9644117727543464
1679849141.3479183   -0.5424436495358953   -1.5234153715780017
1679849141.8492117   0.9849902755701461   1.6718736392692408
1679849142.3505392   6.521349331964739   4.402045114977805
1679849142.852034   8.183814335239047   8.953726776659293
1679849143.3533475   10.725404828875883   12.192827885392433
1679849143.8546305   12.619923886743429   14.266263702668521
1679849144.3557003   15.6013049822546   14.940593389378677
1679849144.856899   16.320571859507204   14.229187150681486
1679849145.3579328   13.735255077155626   14.416754878342855
1679849145.8590531   12.894185561593623   13.43114743635943
1679849146.3603423   10.60347443180403   11.294160199110005
1679849146.8613706   6.589685475290329   8.03354551634381
1679849147.3623216   4.872165085846844   6.588527780473283
1679849147.8633947   0.5614760411535322   2.224619826942371
1679849148.3645186   -1.1033943995703495   -1.3667762543287543
1679849148.8657916   -3.633162477801562   -3.4566789968897216
1679849149.367111   -3.0253760969252097   -4.710127586895848
1679849149.8682573   -4.465874999006882   -4.693487698862859
1679849150.3695457   -4.343672035682562   -3.9987022547572137
1679849150.8706512   -2.7537055640667853   -4.399102832628331
1679849151.3716066   -1.7064022493301343   -0.5322323385624153
1679849151.8724873   1.9586066533765663   2.973741491205238
1679849152.3732913   5.134325736407622   4.217282159199296
1679849152.8735979   9.62906269910555   8.527846183515994
1679849153.3746254   11.192578786378153   10.699617191367773
1679849153.8757832   13.182663983148482   12.908924134850015
1679849154.377091   15.525612840762612   13.260592996683064
1679849154.8784068   13.825489140464507   14.672238967101277
1679849155.3797143   15.142404279263275   14.993069738522802
1679849155.8812592   12.131299912073798   12.430600601824858
1679849156.3824072   11.336797653244485   10.174667002739284
1679849156.8833637   7.8034246131903835   7.775121598022254
1679849157.3844001   5.435246094815487   4.1641879611276424
1679849157.885658   1.7034799965544718   2.192013900407574
1679849158.3870676   -2.590260447972021   -0.29332869420678054
1679849158.8883796   -3.900202482472374   -4.388410053845935
1679849159.3895373   -4.713303466152772   -5.720200408030224
1679849159.89081   -4.910702542104503   -5.539334346788485
1679849160.3921528   -5.8483473558994135   -3.9981076262131947
1679849160.8939345   -3.564995995012942   -3.476541240852087
1679849161.39523   -0.9171011470294959   -0.9572438609869527
1679849161.8963647   2.9746663571680227   2.730416986996019
1679849162.397572   5.39100819717917   5.933504182743661
1679849162.898614   8.160476147119189   7.732400962193519
1679849163.3998656   11.454636090453922   11.276033130867022
1679849163.9011345   14.476486172934269   13.4083484628182
1679849164.402401   15.691176357226805   15.004961064489159
1679849164.9036174   16.785487787736123   14.134497345444851
1679849165.4047446   13.608703713180976   13.71928908018086
1679849165.9060197   12.495120330927653   14.220567717778504
1679849166.4071524   10.782981279718353   12.038179816062781
1679849166.9083428   7.326285088446284   8.354130786031932
1679849167.4096577   4.410532391330106   3.8435778249091395
1679849167.9106672   0.8088697921527557   0.8502394508005988
1679849168.4119582   -0.7988416662781824   0.40000384313229076
1679849168.9132593   -3.8343014340497192   -3.657790387354068
1679849169.4144979   -5.158168467801019   -4.716081382365933
1679849169.9158068   -5.186468347030685   -5.365857273759289
1679849170.4171357   -4.022919143075381   -3.555514074475815
1679849170.9183106   -2.4574151006519958   -2.819742494793742
1679849171.4197984   1.2185327790807348   0.08835277019608268
1679849171.9208195   1.9230776515052437   1.4934165322162607
1679849172.4217765   4.286682059925069   4.376235340497841
1679849172.9226854   8.615129938955826   7.903540691215795
1679849173.4236045   11.69131134311708   11.17292134396671
1679849173.9245014   12.963914647843955   13.167559307397882
1679849174.4256637   12.896217874458397   14.673781672062557
1679849174.9266837   13.855682871475812   14.957240879602862
1679849175.4280741   12.875758280628144   14.689621546072072
1679849175.9292228   13.69922713246794   13.27912738341045
1679849176.4303486   10.618423455902766   8.730371052504768
